[2026-06-27T05:33:35.266Z] 等待 导航后 Services 页面 加载完成
[2026-06-27T05:33:36.092Z] 已连接到现有 Chrome 调试端口。
[2026-06-27T05:33:36.093Z] 当前接管标签页：https://go.setmore.com/settings/services
[2026-06-27T05:33:36.095Z] 等待 Setmore 初始页面 加载完成
[2026-06-27T05:33:36.915Z] 等待 Services 页面 加载完成
[2026-06-27T05:33:37.722Z] 已准备接管 Setmore 页面：https://go.setmore.com/settings/services
[2026-06-27T05:33:37.722Z] 已加载 11 个分类、56 个服务。
[2026-06-27T05:33:37.723Z] 创建/选择分类：BODY WORK
[2026-06-27T05:33:37.725Z] 等待 分类 BODY WORK 前 加载完成
[2026-06-27T05:33:38.533Z] 检查分类是否存在：BODY WORK
[2026-06-27T05:33:38.535Z] 分类已存在，进入分类：BODY WORK
[2026-06-27T05:33:38.627Z] 等待 进入分类 BODY WORK 加载完成
[2026-06-27T05:33:39.439Z] 切换服务列表筛选为 Team
[2026-06-27T05:33:41.095Z] 目标服务已存在：BODY WORK / 30 Mins Swedish
[2026-06-27T05:33:41.096Z] 目标服务已存在：BODY WORK / 60 Mins Swedish
[2026-06-27T05:33:41.098Z] 目标服务已存在：BODY WORK / 90 Mins Swedish
[2026-06-27T05:33:41.100Z] 目标服务已存在：BODY WORK / 30 Mins Deep Tissue
[2026-06-27T05:33:41.102Z] 目标服务缺失，准备新增：BODY WORK / 60 Mins Deep Tissue
[2026-06-27T05:33:41.103Z] 打开 New service 表单
[2026-06-27T05:33:41.105Z] 等待 打开服务表单前 加载完成
[2026-06-27T05:33:41.929Z] 打开右上角新增菜单
[2026-06-27T05:33:41.931Z] 未识别新增菜单按钮，坐标兜底点击：1838,72
[2026-06-27T05:33:43.011Z] 等待 New service 表单 加载完成
[2026-06-27T05:33:52.801Z] 填写服务标题
[2026-06-27T05:33:52.906Z] 填写时长
[2026-06-27T05:33:52.972Z] 填写 Buffer time = 0
[2026-06-27T05:33:53.069Z] 填写价格
[2026-06-27T05:33:53.186Z] 选择分类
[2026-06-27T05:33:53.322Z] 选择 Team：I Foot Spa
[2026-06-27T05:33:53.911Z] 点击 Create 提交服务
[2026-06-27T05:34:13.980Z] 目标服务缺失，准备新增：BODY WORK / 90 Mins Deep Tissue (with Free Hot Stone)
[2026-06-27T05:34:13.982Z] 打开 New service 表单
[2026-06-27T05:34:13.983Z] 等待 打开服务表单前 加载完成
[2026-06-27T05:34:14.809Z] 打开右上角新增菜单
[2026-06-27T05:34:14.811Z] 未识别新增菜单按钮，坐标兜底点击：1838,72
[2026-06-27T05:34:15.919Z] 等待 New service 表单 加载完成
[2026-06-27T05:34:16.788Z] 填写服务标题
[2026-06-27T05:34:16.843Z] 填写时长
[2026-06-27T05:34:16.900Z] 填写 Buffer time = 0
[2026-06-27T05:34:16.990Z] 填写价格
[2026-06-27T05:34:17.080Z] 选择分类
[2026-06-27T05:34:17.208Z] 选择 Team：I Foot Spa
[2026-06-27T05:34:17.784Z] 点击 Create 提交服务
[2026-06-27T05:34:37.858Z] 目标服务缺失，准备新增：BODY WORK / 120 Mins Body Work
[2026-06-27T05:34:37.860Z] 打开 New service 表单
[2026-06-27T05:34:37.862Z] 等待 打开服务表单前 加载完成
[2026-06-27T05:34:38.673Z] 打开右上角新增菜单
[2026-06-27T05:34:38.675Z] 未识别新增菜单按钮，坐标兜底点击：1838,72
[2026-06-27T05:34:39.788Z] 等待 New service 表单 加载完成
[2026-06-27T05:34:40.682Z] 填写服务标题
[2026-06-27T05:34:40.736Z] 填写时长
[2026-06-27T05:34:40.797Z] 填写 Buffer time = 0
[2026-06-27T05:34:40.887Z] 填写价格
[2026-06-27T05:34:40.974Z] 选择分类
[2026-06-27T05:34:41.096Z] 选择 Team：I Foot Spa
[2026-06-27T05:34:41.641Z] 点击 Create 提交服务
[2026-06-27T05:35:01.711Z] 创建/选择分类：FOOT REFLEXOLOGY
[2026-06-27T05:35:01.712Z] 等待 分类 FOOT REFLEXOLOGY 前 加载完成
[2026-06-27T05:35:02.521Z] 检查分类是否存在：FOOT REFLEXOLOGY
[2026-06-27T05:35:02.522Z] 创建分类：FOOT REFLEXOLOGY
[2026-06-27T05:35:04.056Z] 等待 创建并进入分类 FOOT REFLEXOLOGY 加载完成
[2026-06-27T05:35:04.861Z] 切换服务列表筛选为 Team
[2026-06-27T05:35:05.875Z] 目标服务缺失，准备新增：FOOT REFLEXOLOGY / 30 Mins Sea Salt
[2026-06-27T05:35:05.876Z] 打开 New service 表单
[2026-06-27T05:35:05.877Z] 等待 打开服务表单前 加载完成
[2026-06-27T05:35:06.692Z] 打开右上角新增菜单
[2026-06-27T05:35:06.693Z] 未识别新增菜单按钮，坐标兜底点击：1838,72
[2026-06-27T05:35:07.799Z] 等待 New service 表单 加载完成
[2026-06-27T05:35:08.678Z] 填写服务标题
[2026-06-27T05:35:08.732Z] 填写时长
[2026-06-27T05:35:08.790Z] 填写 Buffer time = 0
[2026-06-27T05:35:08.883Z] 填写价格
[2026-06-27T05:35:08.971Z] 选择分类
[2026-06-27T05:35:09.088Z] 选择 Team：I Foot Spa
[2026-06-27T05:35:09.640Z] 点击 Create 提交服务
[2026-06-27T05:35:29.703Z] 目标服务缺失，准备新增：FOOT REFLEXOLOGY / 60 Mins Sea Salt
[2026-06-27T05:35:29.704Z] 打开 New service 表单
[2026-06-27T05:35:29.706Z] 等待 打开服务表单前 加载完成
[2026-06-27T05:35:30.535Z] 打开右上角新增菜单
[2026-06-27T05:35:30.537Z] 未识别新增菜单按钮，坐标兜底点击：1838,72
[2026-06-27T05:35:31.655Z] 等待 New service 表单 加载完成
[2026-06-27T05:35:32.517Z] 填写服务标题
[2026-06-27T05:35:32.569Z] 填写时长
[2026-06-27T05:35:32.626Z] 填写 Buffer time = 0
[2026-06-27T05:35:32.713Z] 填写价格
[2026-06-27T05:35:32.799Z] 选择分类
[2026-06-27T05:35:32.922Z] 选择 Team：I Foot Spa
[2026-06-27T05:35:33.479Z] 点击 Create 提交服务
[2026-06-27T05:35:53.543Z] 目标服务缺失，准备新增：FOOT REFLEXOLOGY / 30 Mins Ginger Powder
[2026-06-27T05:35:53.544Z] 打开 New service 表单
[2026-06-27T05:35:53.546Z] 等待 打开服务表单前 加载完成
[2026-06-27T05:35:54.370Z] 打开右上角新增菜单
[2026-06-27T05:35:54.371Z] 未识别新增菜单按钮，坐标兜底点击：1838,72
[2026-06-27T05:35:55.479Z] 等待 New service 表单 加载完成
[2026-06-27T05:35:56.350Z] 填写服务标题
[2026-06-27T05:35:56.402Z] 填写时长
[2026-06-27T05:35:56.456Z] 填写 Buffer time = 0
[2026-06-27T05:35:56.542Z] 填写价格
[2026-06-27T05:35:56.630Z] 选择分类
[2026-06-27T05:35:56.741Z] 选择 Team：I Foot Spa
[2026-06-27T05:35:57.290Z] 点击 Create 提交服务
[2026-06-27T05:36:17.366Z] 目标服务缺失，准备新增：FOOT REFLEXOLOGY / 60 Mins Ginger Powder
[2026-06-27T05:36:17.368Z] 打开 New service 表单
[2026-06-27T05:36:17.369Z] 等待 打开服务表单前 加载完成
[2026-06-27T05:36:18.193Z] 打开右上角新增菜单
[2026-06-27T05:36:18.195Z] 未识别新增菜单按钮，坐标兜底点击：1838,72
[2026-06-27T05:36:19.304Z] 等待 New service 表单 加载完成
[2026-06-27T05:36:20.177Z] 填写服务标题
[2026-06-27T05:36:20.262Z] 填写时长
[2026-06-27T05:36:20.318Z] 填写 Buffer time = 0
[2026-06-27T05:36:20.403Z] 填写价格
[2026-06-27T05:36:20.489Z] 选择分类
[2026-06-27T05:36:20.600Z] 选择 Team：I Foot Spa
[2026-06-27T05:36:21.149Z] 点击 Create 提交服务
[2026-06-27T05:36:41.217Z] 目标服务缺失，准备新增：FOOT REFLEXOLOGY / 30 Mins Traditional Chinese Medicine
[2026-06-27T05:36:41.218Z] 打开 New service 表单
[2026-06-27T05:36:41.219Z] 等待 打开服务表单前 加载完成
[2026-06-27T05:36:42.040Z] 打开右上角新增菜单
[2026-06-27T05:36:42.042Z] 未识别新增菜单按钮，坐标兜底点击：1838,72
[2026-06-27T05:36:43.142Z] 等待 New service 表单 加载完成
[2026-06-27T05:36:44.013Z] 填写服务标题
[2026-06-27T05:36:44.065Z] 填写时长
[2026-06-27T05:36:44.122Z] 填写 Buffer time = 0
[2026-06-27T05:36:44.222Z] 填写价格
[2026-06-27T05:36:44.331Z] 选择分类
[2026-06-27T05:36:44.449Z] 选择 Team：I Foot Spa
[2026-06-27T05:36:44.991Z] 点击 Create 提交服务
[2026-06-27T05:37:05.063Z] 目标服务缺失，准备新增：FOOT REFLEXOLOGY / 60 Mins Traditional Chinese Medicine
[2026-06-27T05:37:05.064Z] 打开 New service 表单
[2026-06-27T05:37:05.065Z] 等待 打开服务表单前 加载完成
[2026-06-27T05:37:05.891Z] 打开右上角新增菜单
[2026-06-27T05:37:05.893Z] 未识别新增菜单按钮，坐标兜底点击：1838,72
[2026-06-27T05:37:06.996Z] 等待 New service 表单 加载完成
[2026-06-27T05:37:07.862Z] 填写服务标题
[2026-06-27T05:37:07.913Z] 填写时长
[2026-06-27T05:37:07.969Z] 填写 Buffer time = 0
[2026-06-27T05:37:08.056Z] 填写价格
[2026-06-27T05:37:08.145Z] 选择分类
[2026-06-27T05:37:08.258Z] 选择 Team：I Foot Spa
[2026-06-27T05:37:08.796Z] 点击 Create 提交服务
[2026-06-27T05:37:28.864Z] 创建/选择分类：CHAIR RELAXING
[2026-06-27T05:37:28.865Z] 等待 分类 CHAIR RELAXING 前 加载完成
[2026-06-27T05:37:29.682Z] 检查分类是否存在：CHAIR RELAXING
[2026-06-27T05:37:29.684Z] 创建分类：CHAIR RELAXING
[2026-06-27T05:37:30.732Z] 等待 创建并进入分类 CHAIR RELAXING 加载完成
[2026-06-27T05:37:31.537Z] 切换服务列表筛选为 Team
[2026-06-27T05:37:32.544Z] 目标服务缺失，准备新增：CHAIR RELAXING / 10 Mins Chair Massage
[2026-06-27T05:37:32.545Z] 打开 New service 表单
[2026-06-27T05:37:32.546Z] 等待 打开服务表单前 加载完成
[2026-06-27T05:37:33.361Z] 打开右上角新增菜单
[2026-06-27T05:37:33.363Z] 未识别新增菜单按钮，坐标兜底点击：1838,72
[2026-06-27T05:37:34.452Z] 等待 New service 表单 加载完成
[2026-06-27T05:37:35.335Z] 填写服务标题
[2026-06-27T05:37:35.388Z] 填写时长
[2026-06-27T05:37:35.443Z] 填写 Buffer time = 0
[2026-06-27T05:37:35.529Z] 填写价格
[2026-06-27T05:37:35.614Z] 选择分类
[2026-06-27T05:37:35.747Z] 选择 Team：I Foot Spa
[2026-06-27T05:37:36.291Z] 点击 Create 提交服务
[2026-06-27T05:37:56.364Z] 目标服务缺失，准备新增：CHAIR RELAXING / 15 Mins Chair Massage
[2026-06-27T05:37:56.365Z] 打开 New service 表单
[2026-06-27T05:37:56.366Z] 等待 打开服务表单前 加载完成
[2026-06-27T05:37:57.189Z] 打开右上角新增菜单
[2026-06-27T05:37:57.192Z] 未识别新增菜单按钮，坐标兜底点击：1838,72
[2026-06-27T05:37:58.288Z] 等待 New service 表单 加载完成
[2026-06-27T05:37:59.162Z] 填写服务标题
[2026-06-27T05:37:59.214Z] 填写时长
[2026-06-27T05:37:59.281Z] 填写 Buffer time = 0
[2026-06-27T05:37:59.387Z] 填写价格
[2026-06-27T05:37:59.475Z] 选择分类
[2026-06-27T05:37:59.595Z] 选择 Team：I Foot Spa
[2026-06-27T05:38:00.138Z] 点击 Create 提交服务
[2026-06-27T05:38:20.207Z] 目标服务缺失，准备新增：CHAIR RELAXING / 20 Mins Chair Massage
[2026-06-27T05:38:20.208Z] 打开 New service 表单
[2026-06-27T05:38:20.209Z] 等待 打开服务表单前 加载完成
[2026-06-27T05:38:21.021Z] 打开右上角新增菜单
[2026-06-27T05:38:21.023Z] 未识别新增菜单按钮，坐标兜底点击：1838,72
[2026-06-27T05:38:22.126Z] 等待 New service 表单 加载完成
[2026-06-27T05:38:23.001Z] 填写服务标题
[2026-06-27T05:38:23.055Z] 填写时长
[2026-06-27T05:38:23.108Z] 填写 Buffer time = 0
[2026-06-27T05:38:23.192Z] 填写价格
[2026-06-27T05:38:23.275Z] 选择分类
[2026-06-27T05:38:23.385Z] 选择 Team：I Foot Spa
[2026-06-27T05:38:23.922Z] 点击 Create 提交服务
[2026-06-27T05:38:43.987Z] 目标服务缺失，准备新增：CHAIR RELAXING / 30 Mins Chair Massage
[2026-06-27T05:38:43.988Z] 打开 New service 表单
[2026-06-27T05:38:43.989Z] 等待 打开服务表单前 加载完成
[2026-06-27T05:38:44.813Z] 打开右上角新增菜单
[2026-06-27T05:38:44.815Z] 未识别新增菜单按钮，坐标兜底点击：1838,72
[2026-06-27T05:38:45.916Z] 等待 New service 表单 加载完成
[2026-06-27T05:38:46.800Z] 填写服务标题
[2026-06-27T05:38:46.852Z] 填写时长
[2026-06-27T05:38:46.920Z] 填写 Buffer time = 0
[2026-06-27T05:38:47.024Z] 填写价格
[2026-06-27T05:38:47.118Z] 选择分类
[2026-06-27T05:38:47.233Z] 选择 Team：I Foot Spa
[2026-06-27T05:38:47.783Z] 点击 Create 提交服务
[2026-06-27T05:39:07.860Z] 创建/选择分类：SKIN CARE
[2026-06-27T05:39:07.861Z] 等待 分类 SKIN CARE 前 加载完成
[2026-06-27T05:39:08.665Z] 检查分类是否存在：SKIN CARE
[2026-06-27T05:39:08.667Z] 创建分类：SKIN CARE
[2026-06-27T05:39:09.737Z] 等待 创建并进入分类 SKIN CARE 加载完成
[2026-06-27T05:39:10.549Z] 切换服务列表筛选为 Team
[2026-06-27T05:39:11.560Z] 目标服务缺失，准备新增：SKIN CARE / 30 Mins Wash Face
[2026-06-27T05:39:11.561Z] 打开 New service 表单
[2026-06-27T05:39:11.562Z] 等待 打开服务表单前 加载完成
[2026-06-27T05:39:12.372Z] 打开右上角新增菜单
[2026-06-27T05:39:12.374Z] 未识别新增菜单按钮，坐标兜底点击：1838,72
[2026-06-27T05:39:13.476Z] 等待 New service 表单 加载完成
[2026-06-27T05:39:14.346Z] 填写服务标题
[2026-06-27T05:39:14.397Z] 填写时长
[2026-06-27T05:39:14.453Z] 填写 Buffer time = 0
[2026-06-27T05:39:14.540Z] 填写价格
[2026-06-27T05:39:14.626Z] 选择分类
[2026-06-27T05:39:14.752Z] 选择 Team：I Foot Spa
[2026-06-27T05:39:15.290Z] 点击 Create 提交服务
[2026-06-27T05:39:35.369Z] 目标服务缺失，准备新增：SKIN CARE / 30 Mins Mini Facial
[2026-06-27T05:39:35.370Z] 打开 New service 表单
[2026-06-27T05:39:35.371Z] 等待 打开服务表单前 加载完成
[2026-06-27T05:39:36.195Z] 打开右上角新增菜单
[2026-06-27T05:39:36.197Z] 未识别新增菜单按钮，坐标兜底点击：1838,72
[2026-06-27T05:39:37.304Z] 等待 New service 表单 加载完成
[2026-06-27T05:39:38.180Z] 填写服务标题
[2026-06-27T05:39:38.231Z] 填写时长
[2026-06-27T05:39:38.286Z] 填写 Buffer time = 0
[2026-06-27T05:39:38.387Z] 填写价格
[2026-06-27T05:39:38.492Z] 选择分类
[2026-06-27T05:39:38.611Z] 选择 Team：I Foot Spa
[2026-06-27T05:39:39.150Z] 点击 Create 提交服务
[2026-06-27T05:39:59.206Z] 目标服务缺失，准备新增：SKIN CARE / 45 Mins H2 Facial
[2026-06-27T05:39:59.207Z] 打开 New service 表单
[2026-06-27T05:39:59.208Z] 等待 打开服务表单前 加载完成
[2026-06-27T05:40:00.025Z] 打开右上角新增菜单
[2026-06-27T05:40:00.027Z] 未识别新增菜单按钮，坐标兜底点击：1838,72
[2026-06-27T05:40:01.123Z] 等待 New service 表单 加载完成
[2026-06-27T05:40:02.007Z] 填写服务标题
[2026-06-27T05:40:02.059Z] 填写时长
[2026-06-27T05:40:02.114Z] 填写 Buffer time = 0
[2026-06-27T05:40:02.210Z] 填写价格
[2026-06-27T05:40:02.320Z] 选择分类
[2026-06-27T05:40:02.431Z] 选择 Team：I Foot Spa
[2026-06-27T05:40:02.970Z] 点击 Create 提交服务
[2026-06-27T05:40:23.037Z] 目标服务缺失，准备新增：SKIN CARE / 30 Mins Ear Candle
[2026-06-27T05:40:23.038Z] 打开 New service 表单
[2026-06-27T05:40:23.039Z] 等待 打开服务表单前 加载完成
[2026-06-27T05:40:23.850Z] 打开右上角新增菜单
[2026-06-27T05:40:23.854Z] 未识别新增菜单按钮，坐标兜底点击：1838,72
[2026-06-27T05:40:24.954Z] 等待 New service 表单 加载完成
[2026-06-27T05:40:25.825Z] 填写服务标题
[2026-06-27T05:40:25.876Z] 填写时长
[2026-06-27T05:40:25.933Z] 填写 Buffer time = 0
[2026-06-27T05:40:26.021Z] 填写价格
[2026-06-27T05:40:26.105Z] 选择分类
[2026-06-27T05:40:26.220Z] 选择 Team：I Foot Spa
[2026-06-27T05:40:26.756Z] 点击 Create 提交服务
[2026-06-27T05:40:46.819Z] 目标服务缺失，准备新增：SKIN CARE / 60 Mins Deep Cleaning Facial
[2026-06-27T05:40:46.820Z] 打开 New service 表单
[2026-06-27T05:40:46.821Z] 等待 打开服务表单前 加载完成
[2026-06-27T05:40:47.644Z] 打开右上角新增菜单
[2026-06-27T05:40:47.646Z] 未识别新增菜单按钮，坐标兜底点击：1838,72
[2026-06-27T05:40:48.747Z] 等待 New service 表单 加载完成
[2026-06-27T05:40:49.628Z] 填写服务标题
[2026-06-27T05:40:49.682Z] 填写时长
[2026-06-27T05:40:49.741Z] 填写 Buffer time = 0
[2026-06-27T05:40:49.829Z] 填写价格
[2026-06-27T05:40:49.919Z] 选择分类
[2026-06-27T05:40:50.050Z] 选择 Team：I Foot Spa
[2026-06-27T05:40:50.608Z] 点击 Create 提交服务
[2026-06-27T05:41:10.676Z] 目标服务缺失，准备新增：SKIN CARE / 60 Mins Hydro & Soothing Treatment
[2026-06-27T05:41:10.677Z] 打开 New service 表单
[2026-06-27T05:41:10.678Z] 等待 打开服务表单前 加载完成
[2026-06-27T05:41:11.491Z] 打开右上角新增菜单
[2026-06-27T05:41:11.493Z] 未识别新增菜单按钮，坐标兜底点击：1838,72
[2026-06-27T05:41:12.607Z] 等待 New service 表单 加载完成
[2026-06-27T05:41:13.485Z] 填写服务标题
[2026-06-27T05:41:13.539Z] 填写时长
[2026-06-27T05:41:13.595Z] 填写 Buffer time = 0
[2026-06-27T05:41:13.680Z] 填写价格
[2026-06-27T05:41:13.766Z] 选择分类
[2026-06-27T05:41:13.878Z] 选择 Team：I Foot Spa
[2026-06-27T05:41:14.454Z] 点击 Create 提交服务
[2026-06-27T05:41:34.511Z] 创建/选择分类：HEAD TREATMENT
[2026-06-27T05:41:34.512Z] 等待 分类 HEAD TREATMENT 前 加载完成
[2026-06-27T05:41:35.326Z] 检查分类是否存在：HEAD TREATMENT
[2026-06-27T05:41:35.327Z] 创建分类：HEAD TREATMENT
[2026-06-27T05:41:36.437Z] 等待 创建并进入分类 HEAD TREATMENT 加载完成
[2026-06-27T05:41:37.252Z] 切换服务列表筛选为 Team
[2026-06-27T05:41:38.274Z] 目标服务缺失，准备新增：HEAD TREATMENT / 60 Mins Head Treatment
[2026-06-27T05:41:38.275Z] 打开 New service 表单
[2026-06-27T05:41:38.276Z] 等待 打开服务表单前 加载完成
[2026-06-27T05:41:39.088Z] 打开右上角新增菜单
[2026-06-27T05:41:39.090Z] 未识别新增菜单按钮，坐标兜底点击：1838,72
[2026-06-27T05:41:40.192Z] 等待 New service 表单 加载完成
[2026-06-27T05:41:41.059Z] 填写服务标题
[2026-06-27T05:41:41.111Z] 填写时长
[2026-06-27T05:41:41.168Z] 填写 Buffer time = 0
[2026-06-27T05:41:41.254Z] 填写价格
[2026-06-27T05:41:41.341Z] 选择分类
[2026-06-27T05:41:41.508Z] 选择 Team：I Foot Spa
[2026-06-27T05:41:42.054Z] 点击 Create 提交服务
[2026-06-27T05:42:02.118Z] 目标服务缺失，准备新增：HEAD TREATMENT / 80 Mins Head Treatment
[2026-06-27T05:42:02.119Z] 打开 New service 表单
[2026-06-27T05:42:02.120Z] 等待 打开服务表单前 加载完成
[2026-06-27T05:42:02.943Z] 打开右上角新增菜单
[2026-06-27T05:42:02.944Z] 未识别新增菜单按钮，坐标兜底点击：1838,72
[2026-06-27T05:42:04.051Z] 等待 New service 表单 加载完成
[2026-06-27T05:42:04.923Z] 填写服务标题
[2026-06-27T05:42:04.977Z] 填写时长
[2026-06-27T05:42:05.029Z] 填写 Buffer time = 0
[2026-06-27T05:42:05.111Z] 填写价格
[2026-06-27T05:42:05.195Z] 选择分类
[2026-06-27T05:42:05.305Z] 选择 Team：I Foot Spa
[2026-06-27T05:42:05.845Z] 点击 Create 提交服务
[2026-06-27T05:42:25.913Z] 创建/选择分类：BODY PACKAGE
[2026-06-27T05:42:25.914Z] 等待 分类 BODY PACKAGE 前 加载完成
[2026-06-27T05:42:26.731Z] 检查分类是否存在：BODY PACKAGE
[2026-06-27T05:42:26.733Z] 创建分类：BODY PACKAGE
[2026-06-27T05:42:27.793Z] 等待 创建并进入分类 BODY PACKAGE 加载完成
[2026-06-27T05:42:28.601Z] 切换服务列表筛选为 Team
[2026-06-27T05:42:29.616Z] 目标服务缺失，准备新增：BODY PACKAGE / 60 Mins Body Package - Buy 5 Times (Free 1 Time)
[2026-06-27T05:42:29.617Z] 打开 New service 表单
[2026-06-27T05:42:29.618Z] 等待 打开服务表单前 加载完成
[2026-06-27T05:42:30.440Z] 打开右上角新增菜单
[2026-06-27T05:42:30.442Z] 未识别新增菜单按钮，坐标兜底点击：1838,72
[2026-06-27T05:42:31.548Z] 等待 New service 表单 加载完成
[2026-06-27T05:42:32.434Z] 填写服务标题
[2026-06-27T05:42:32.487Z] 填写时长
[2026-06-27T05:42:32.543Z] 填写 Buffer time = 0
[2026-06-27T05:42:32.633Z] 填写价格
[2026-06-27T05:42:32.732Z] 选择分类
[2026-06-27T05:42:32.874Z] 选择 Team：I Foot Spa
[2026-06-27T05:42:33.416Z] 点击 Create 提交服务
[2026-06-27T05:42:53.487Z] 目标服务缺失，准备新增：BODY PACKAGE / 60 Mins Body Package - Buy 10 Times (Free 3 Times)
[2026-06-27T05:42:53.488Z] 打开 New service 表单
[2026-06-27T05:42:53.489Z] 等待 打开服务表单前 加载完成
[2026-06-27T05:42:54.313Z] 打开右上角新增菜单
[2026-06-27T05:42:54.315Z] 未识别新增菜单按钮，坐标兜底点击：1838,72
[2026-06-27T05:42:55.407Z] 等待 New service 表单 加载完成
[2026-06-27T05:42:56.280Z] 填写服务标题
[2026-06-27T05:42:56.333Z] 填写时长
[2026-06-27T05:42:56.387Z] 填写 Buffer time = 0
[2026-06-27T05:42:56.471Z] 填写价格
[2026-06-27T05:42:56.556Z] 选择分类
[2026-06-27T05:42:56.664Z] 选择 Team：I Foot Spa
[2026-06-27T05:42:57.208Z] 点击 Create 提交服务
[2026-06-27T05:43:17.266Z] 创建/选择分类：FOOT PACKAGE
[2026-06-27T05:43:17.267Z] 等待 分类 FOOT PACKAGE 前 加载完成
[2026-06-27T05:43:18.080Z] 检查分类是否存在：FOOT PACKAGE
[2026-06-27T05:43:18.082Z] 创建分类：FOOT PACKAGE
[2026-06-27T05:43:19.193Z] 等待 创建并进入分类 FOOT PACKAGE 加载完成
[2026-06-27T05:43:20.007Z] 切换服务列表筛选为 Team
[2026-06-27T05:43:21.016Z] 目标服务缺失，准备新增：FOOT PACKAGE / 60 Mins Foot Package - Buy 5 Times (Free 1 Time)
[2026-06-27T05:43:21.017Z] 打开 New service 表单
[2026-06-27T05:43:21.018Z] 等待 打开服务表单前 加载完成
[2026-06-27T05:43:21.831Z] 打开右上角新增菜单
[2026-06-27T05:43:21.832Z] 未识别新增菜单按钮，坐标兜底点击：1838,72
[2026-06-27T05:43:22.932Z] 等待 New service 表单 加载完成
[2026-06-27T05:43:23.818Z] 填写服务标题
[2026-06-27T05:43:23.871Z] 填写时长
[2026-06-27T05:43:23.926Z] 填写 Buffer time = 0
[2026-06-27T05:43:24.010Z] 填写价格
[2026-06-27T05:43:24.095Z] 选择分类
[2026-06-27T05:43:24.252Z] 选择 Team：I Foot Spa
[2026-06-27T05:43:24.812Z] 点击 Create 提交服务
[2026-06-27T05:43:44.886Z] 目标服务缺失，准备新增：FOOT PACKAGE / 60 Mins Foot Package - Buy 10 Times (Free 3 Times)
[2026-06-27T05:43:44.887Z] 打开 New service 表单
[2026-06-27T05:43:44.888Z] 等待 打开服务表单前 加载完成
[2026-06-27T05:43:45.698Z] 打开右上角新增菜单
[2026-06-27T05:43:45.699Z] 未识别新增菜单按钮，坐标兜底点击：1838,72
[2026-06-27T05:43:46.784Z] 等待 New service 表单 加载完成
[2026-06-27T05:43:47.669Z] 填写服务标题
[2026-06-27T05:43:47.720Z] 填写时长
[2026-06-27T05:43:47.776Z] 填写 Buffer time = 0
[2026-06-27T05:43:47.859Z] 填写价格
[2026-06-27T05:43:47.943Z] 选择分类
[2026-06-27T05:43:48.051Z] 选择 Team：I Foot Spa
[2026-06-27T05:43:48.596Z] 点击 Create 提交服务
[2026-06-27T05:44:08.669Z] 创建/选择分类：BODY COMBO
[2026-06-27T05:44:08.670Z] 等待 分类 BODY COMBO 前 加载完成
[2026-06-27T05:44:09.473Z] 检查分类是否存在：BODY COMBO
[2026-06-27T05:44:09.475Z] 创建分类：BODY COMBO
[2026-06-27T05:44:10.527Z] 等待 创建并进入分类 BODY COMBO 加载完成
[2026-06-27T05:44:11.344Z] 切换服务列表筛选为 Team
[2026-06-27T05:44:12.356Z] 目标服务缺失，准备新增：BODY COMBO / 30 Mins Body + 30 Mins Feet (Swedish)
[2026-06-27T05:44:12.357Z] 打开 New service 表单
[2026-06-27T05:44:12.358Z] 等待 打开服务表单前 加载完成
[2026-06-27T05:44:13.181Z] 打开右上角新增菜单
[2026-06-27T05:44:13.183Z] 未识别新增菜单按钮，坐标兜底点击：1838,72
[2026-06-27T05:44:14.273Z] 等待 New service 表单 加载完成
[2026-06-27T05:44:15.167Z] 填写服务标题
[2026-06-27T05:44:15.219Z] 填写时长
[2026-06-27T05:44:15.272Z] 填写 Buffer time = 0
[2026-06-27T05:44:15.356Z] 填写价格
[2026-06-27T05:44:15.440Z] 选择分类
[2026-06-27T05:44:15.549Z] 选择 Team：I Foot Spa
[2026-06-27T05:44:16.145Z] 点击 Create 提交服务
[2026-06-27T05:44:36.212Z] 目标服务缺失，准备新增：BODY COMBO / 30 Mins Body + 30 Mins Feet (Deep Tissue)
[2026-06-27T05:44:36.213Z] 打开 New service 表单
[2026-06-27T05:44:36.215Z] 等待 打开服务表单前 加载完成
[2026-06-27T05:44:37.040Z] 打开右上角新增菜单
[2026-06-27T05:44:37.041Z] 未识别新增菜单按钮，坐标兜底点击：1838,72
[2026-06-27T05:44:38.140Z] 等待 New service 表单 加载完成
[2026-06-27T05:44:39.012Z] 填写服务标题
[2026-06-27T05:44:39.063Z] 填写时长
[2026-06-27T05:44:39.117Z] 填写 Buffer time = 0
[2026-06-27T05:44:39.209Z] 填写价格
[2026-06-27T05:44:39.316Z] 选择分类
[2026-06-27T05:44:39.429Z] 选择 Team：I Foot Spa
[2026-06-27T05:44:39.969Z] 点击 Create 提交服务
[2026-06-27T05:45:00.036Z] 目标服务缺失，准备新增：BODY COMBO / 60 Mins Body + 30 Mins Feet (Swedish)
[2026-06-27T05:45:00.037Z] 打开 New service 表单
[2026-06-27T05:45:00.038Z] 等待 打开服务表单前 加载完成
[2026-06-27T05:45:00.850Z] 打开右上角新增菜单
[2026-06-27T05:45:00.851Z] 未识别新增菜单按钮，坐标兜底点击：1838,72
[2026-06-27T05:45:01.940Z] 等待 New service 表单 加载完成
[2026-06-27T05:45:02.811Z] 填写服务标题
[2026-06-27T05:45:02.862Z] 填写时长
[2026-06-27T05:45:02.930Z] 填写 Buffer time = 0
[2026-06-27T05:45:03.036Z] 填写价格
[2026-06-27T05:45:03.120Z] 选择分类
[2026-06-27T05:45:03.237Z] 选择 Team：I Foot Spa
[2026-06-27T05:45:03.773Z] 点击 Create 提交服务
[2026-06-27T05:45:23.832Z] 目标服务缺失，准备新增：BODY COMBO / 60 Mins Body + 30 Mins Feet (Deep Tissue)
[2026-06-27T05:45:23.833Z] 打开 New service 表单
[2026-06-27T05:45:23.834Z] 等待 打开服务表单前 加载完成
[2026-06-27T05:45:24.661Z] 打开右上角新增菜单
[2026-06-27T05:45:24.663Z] 未识别新增菜单按钮，坐标兜底点击：1838,72
[2026-06-27T05:45:25.760Z] 等待 New service 表单 加载完成
[2026-06-27T05:45:26.635Z] 填写服务标题
[2026-06-27T05:45:26.687Z] 填写时长
[2026-06-27T05:45:26.740Z] 填写 Buffer time = 0
[2026-06-27T05:45:26.823Z] 填写价格
[2026-06-27T05:45:26.906Z] 选择分类
[2026-06-27T05:45:27.027Z] 选择 Team：I Foot Spa
[2026-06-27T05:45:27.563Z] 点击 Create 提交服务
[2026-06-27T05:45:47.627Z] 目标服务缺失，准备新增：BODY COMBO / 60 Mins Body + 60 Mins Feet (Swedish)
[2026-06-27T05:45:47.628Z] 打开 New service 表单
[2026-06-27T05:45:47.630Z] 等待 打开服务表单前 加载完成
[2026-06-27T05:45:48.442Z] 打开右上角新增菜单
[2026-06-27T05:45:48.443Z] 未识别新增菜单按钮，坐标兜底点击：1838,72
[2026-06-27T05:45:49.539Z] 等待 New service 表单 加载完成
[2026-06-27T05:45:50.419Z] 填写服务标题
[2026-06-27T05:45:50.473Z] 填写时长
[2026-06-27T05:45:50.527Z] 填写 Buffer time = 0
[2026-06-27T05:45:50.611Z] 填写价格
[2026-06-27T05:45:50.695Z] 选择分类
[2026-06-27T05:45:50.805Z] 选择 Team：I Foot Spa
[2026-06-27T05:45:51.352Z] 点击 Create 提交服务
[2026-06-27T05:46:11.426Z] 目标服务缺失，准备新增：BODY COMBO / 60 Mins Body + 60 Mins Feet (Deep Tissue)
[2026-06-27T05:46:11.427Z] 打开 New service 表单
[2026-06-27T05:46:11.428Z] 等待 打开服务表单前 加载完成
[2026-06-27T05:46:12.239Z] 打开右上角新增菜单
[2026-06-27T05:46:12.241Z] 未识别新增菜单按钮，坐标兜底点击：1838,72
[2026-06-27T05:46:13.352Z] 等待 New service 表单 加载完成
[2026-06-27T05:46:14.216Z] 填写服务标题
[2026-06-27T05:46:14.269Z] 填写时长
[2026-06-27T05:46:14.324Z] 填写 Buffer time = 0
[2026-06-27T05:46:14.411Z] 填写价格
[2026-06-27T05:46:14.500Z] 选择分类
[2026-06-27T05:46:14.625Z] 选择 Team：I Foot Spa
[2026-06-27T05:46:15.164Z] 点击 Create 提交服务
[2026-06-27T05:46:35.224Z] 创建/选择分类：FOOT CHAIR COMBO
[2026-06-27T05:46:35.225Z] 等待 分类 FOOT CHAIR COMBO 前 加载完成
[2026-06-27T05:46:36.030Z] 检查分类是否存在：FOOT CHAIR COMBO
[2026-06-27T05:46:36.032Z] 创建分类：FOOT CHAIR COMBO
[2026-06-27T05:46:37.114Z] 等待 创建并进入分类 FOOT CHAIR COMBO 加载完成
[2026-06-27T05:46:37.923Z] 切换服务列表筛选为 Team
[2026-06-27T05:46:38.934Z] 目标服务缺失，准备新增：FOOT CHAIR COMBO / 15 Mins Feet + 15 Mins Chair
[2026-06-27T05:46:38.935Z] 打开 New service 表单
[2026-06-27T05:46:38.936Z] 等待 打开服务表单前 加载完成
[2026-06-27T05:46:39.760Z] 打开右上角新增菜单
[2026-06-27T05:46:39.762Z] 未识别新增菜单按钮，坐标兜底点击：1838,72
[2026-06-27T05:46:40.873Z] 等待 New service 表单 加载完成
[2026-06-27T05:46:41.751Z] 填写服务标题
[2026-06-27T05:46:41.807Z] 填写时长
[2026-06-27T05:46:41.864Z] 填写 Buffer time = 0
[2026-06-27T05:46:41.949Z] 填写价格
[2026-06-27T05:46:42.036Z] 选择分类
[2026-06-27T05:46:42.163Z] 选择 Team：I Foot Spa
[2026-06-27T05:46:42.709Z] 点击 Create 提交服务
[2026-06-27T05:47:02.770Z] 目标服务缺失，准备新增：FOOT CHAIR COMBO / 30 Mins Feet + 10 Mins Chair
[2026-06-27T05:47:02.771Z] 打开 New service 表单
[2026-06-27T05:47:02.772Z] 等待 打开服务表单前 加载完成
[2026-06-27T05:47:03.583Z] 打开右上角新增菜单
[2026-06-27T05:47:03.585Z] 未识别新增菜单按钮，坐标兜底点击：1838,72
[2026-06-27T05:47:04.676Z] 等待 New service 表单 加载完成
[2026-06-27T05:47:05.546Z] 填写服务标题
[2026-06-27T05:47:05.598Z] 填写时长
[2026-06-27T05:47:05.653Z] 填写 Buffer time = 0
[2026-06-27T05:47:05.735Z] 填写价格
[2026-06-27T05:47:05.822Z] 选择分类
[2026-06-27T05:47:05.932Z] 选择 Team：I Foot Spa
[2026-06-27T05:47:06.476Z] 点击 Create 提交服务
[2026-06-27T05:47:26.534Z] 目标服务缺失，准备新增：FOOT CHAIR COMBO / 30 Mins Feet + 20 Mins Chair
[2026-06-27T05:47:26.535Z] 打开 New service 表单
[2026-06-27T05:47:26.536Z] 等待 打开服务表单前 加载完成
[2026-06-27T05:47:27.360Z] 打开右上角新增菜单
[2026-06-27T05:47:27.362Z] 未识别新增菜单按钮，坐标兜底点击：1838,72
[2026-06-27T05:47:28.466Z] 等待 New service 表单 加载完成
[2026-06-27T05:47:29.349Z] 填写服务标题
[2026-06-27T05:47:29.402Z] 填写时长
[2026-06-27T05:47:29.458Z] 填写 Buffer time = 0
[2026-06-27T05:47:29.544Z] 填写价格
[2026-06-27T05:47:29.630Z] 选择分类
[2026-06-27T05:47:29.741Z] 选择 Team：I Foot Spa
[2026-06-27T05:47:30.286Z] 点击 Create 提交服务
[2026-06-27T05:47:50.349Z] 目标服务缺失，准备新增：FOOT CHAIR COMBO / 30 Mins Feet + 30 Mins Chair
[2026-06-27T05:47:50.350Z] 打开 New service 表单
[2026-06-27T05:47:50.351Z] 等待 打开服务表单前 加载完成
[2026-06-27T05:47:51.176Z] 打开右上角新增菜单
[2026-06-27T05:47:51.177Z] 未识别新增菜单按钮，坐标兜底点击：1838,72
[2026-06-27T05:47:52.283Z] 等待 New service 表单 加载完成
[2026-06-27T05:47:53.158Z] 填写服务标题
[2026-06-27T05:47:53.211Z] 填写时长
[2026-06-27T05:47:53.266Z] 填写 Buffer time = 0
[2026-06-27T05:47:53.352Z] 填写价格
[2026-06-27T05:47:53.438Z] 选择分类
[2026-06-27T05:47:53.550Z] 选择 Team：I Foot Spa
[2026-06-27T05:47:54.095Z] 点击 Create 提交服务
[2026-06-27T05:48:14.162Z] 目标服务缺失，准备新增：FOOT CHAIR COMBO / 60 Mins Feet + 10 Mins Chair
[2026-06-27T05:48:14.163Z] 打开 New service 表单
[2026-06-27T05:48:14.164Z] 等待 打开服务表单前 加载完成
[2026-06-27T05:48:14.978Z] 打开右上角新增菜单
[2026-06-27T05:48:14.979Z] 未识别新增菜单按钮，坐标兜底点击：1838,72
[2026-06-27T05:48:16.083Z] 等待 New service 表单 加载完成
[2026-06-27T05:48:16.951Z] 填写服务标题
[2026-06-27T05:48:17.004Z] 填写时长
[2026-06-27T05:48:17.061Z] 填写 Buffer time = 0
[2026-06-27T05:48:17.149Z] 填写价格
[2026-06-27T05:48:17.234Z] 选择分类
[2026-06-27T05:48:17.349Z] 选择 Team：I Foot Spa
[2026-06-27T05:48:17.898Z] 点击 Create 提交服务
[2026-06-27T05:48:37.967Z] 目标服务缺失，准备新增：FOOT CHAIR COMBO / 60 Mins Feet + 20 Mins Chair
[2026-06-27T05:48:37.968Z] 打开 New service 表单
[2026-06-27T05:48:37.969Z] 等待 打开服务表单前 加载完成
[2026-06-27T05:48:38.783Z] 打开右上角新增菜单
[2026-06-27T05:48:38.785Z] 未识别新增菜单按钮，坐标兜底点击：1838,72
[2026-06-27T05:48:39.881Z] 等待 New service 表单 加载完成
[2026-06-27T05:48:40.754Z] 填写服务标题
[2026-06-27T05:48:40.807Z] 填写时长
[2026-06-27T05:48:40.874Z] 填写 Buffer time = 0
[2026-06-27T05:48:40.978Z] 填写价格
[2026-06-27T05:48:41.072Z] 选择分类
[2026-06-27T05:48:41.188Z] 选择 Team：I Foot Spa
[2026-06-27T05:48:41.734Z] 点击 Create 提交服务
[2026-06-27T05:49:01.792Z] 目标服务缺失，准备新增：FOOT CHAIR COMBO / 60 Mins Feet + 30 Mins Chair
[2026-06-27T05:49:01.793Z] 打开 New service 表单
[2026-06-27T05:49:01.794Z] 等待 打开服务表单前 加载完成
[2026-06-27T05:49:02.604Z] 打开右上角新增菜单
[2026-06-27T05:49:02.606Z] 未识别新增菜单按钮，坐标兜底点击：1838,72
[2026-06-27T05:49:03.715Z] 等待 New service 表单 加载完成
[2026-06-27T05:49:04.583Z] 填写服务标题
[2026-06-27T05:49:04.639Z] 填写时长
[2026-06-27T05:49:04.700Z] 填写 Buffer time = 0
[2026-06-27T05:49:04.785Z] 填写价格
[2026-06-27T05:49:04.870Z] 选择分类
[2026-06-27T05:49:04.986Z] 选择 Team：I Foot Spa
[2026-06-27T05:49:05.527Z] 点击 Create 提交服务
[2026-06-27T05:49:25.590Z] 创建/选择分类：HAND CARE
[2026-06-27T05:49:25.591Z] 等待 分类 HAND CARE 前 加载完成
[2026-06-27T05:49:26.396Z] 检查分类是否存在：HAND CARE
[2026-06-27T05:49:26.397Z] 创建分类：HAND CARE
[2026-06-27T05:49:27.484Z] 等待 创建并进入分类 HAND CARE 加载完成
[2026-06-27T05:49:28.298Z] 切换服务列表筛选为 Team
[2026-06-27T05:49:29.314Z] 目标服务缺失，准备新增：HAND CARE / 10 Mins Hand Care
[2026-06-27T05:49:29.315Z] 打开 New service 表单
[2026-06-27T05:49:29.316Z] 等待 打开服务表单前 加载完成
[2026-06-27T05:49:30.142Z] 打开右上角新增菜单
[2026-06-27T05:49:30.143Z] 未识别新增菜单按钮，坐标兜底点击：1838,72
[2026-06-27T05:49:31.252Z] 等待 New service 表单 加载完成
[2026-06-27T05:49:32.124Z] 填写服务标题
[2026-06-27T05:49:32.176Z] 填写时长
[2026-06-27T05:49:32.231Z] 填写 Buffer time = 0
[2026-06-27T05:49:32.316Z] 填写价格
[2026-06-27T05:49:32.399Z] 选择分类
[2026-06-27T05:49:32.545Z] 选择 Team：I Foot Spa
[2026-06-27T05:49:33.081Z] 点击 Create 提交服务
[2026-06-27T05:49:53.144Z] 目标服务缺失，准备新增：HAND CARE / 15 Mins Hand Care
[2026-06-27T05:49:53.145Z] 打开 New service 表单
[2026-06-27T05:49:53.146Z] 等待 打开服务表单前 加载完成
[2026-06-27T05:49:53.958Z] 打开右上角新增菜单
[2026-06-27T05:49:53.959Z] 未识别新增菜单按钮，坐标兜底点击：1838,72
[2026-06-27T05:49:55.046Z] 等待 New service 表单 加载完成
[2026-06-27T05:49:55.919Z] 填写服务标题
[2026-06-27T05:49:55.972Z] 填写时长
[2026-06-27T05:49:56.027Z] 填写 Buffer time = 0
[2026-06-27T05:49:56.112Z] 填写价格
[2026-06-27T05:49:56.195Z] 选择分类
[2026-06-27T05:49:56.305Z] 选择 Team：I Foot Spa
[2026-06-27T05:49:56.849Z] 点击 Create 提交服务
[2026-06-27T05:50:16.915Z] 目标服务缺失，准备新增：HAND CARE / 20 Mins Hand Care
[2026-06-27T05:50:16.916Z] 打开 New service 表单
[2026-06-27T05:50:16.917Z] 等待 打开服务表单前 加载完成
[2026-06-27T05:50:17.740Z] 打开右上角新增菜单
[2026-06-27T05:50:17.742Z] 未识别新增菜单按钮，坐标兜底点击：1838,72
[2026-06-27T05:50:18.843Z] 等待 New service 表单 加载完成
[2026-06-27T05:50:19.711Z] 填写服务标题
[2026-06-27T05:50:19.767Z] 填写时长
[2026-06-27T05:50:19.824Z] 填写 Buffer time = 0
[2026-06-27T05:50:19.911Z] 填写价格
[2026-06-27T05:50:19.995Z] 选择分类
[2026-06-27T05:50:20.104Z] 选择 Team：I Foot Spa
[2026-06-27T05:50:20.643Z] 点击 Create 提交服务
[2026-06-27T05:50:40.714Z] 目标服务缺失，准备新增：HAND CARE / 30 Mins Hand Care
[2026-06-27T05:50:40.715Z] 打开 New service 表单
[2026-06-27T05:50:40.716Z] 等待 打开服务表单前 加载完成
[2026-06-27T05:50:41.539Z] 打开右上角新增菜单
[2026-06-27T05:50:41.540Z] 未识别新增菜单按钮，坐标兜底点击：1838,72
[2026-06-27T05:50:42.651Z] 等待 New service 表单 加载完成
[2026-06-27T05:50:43.527Z] 填写服务标题
[2026-06-27T05:50:43.580Z] 填写时长
[2026-06-27T05:50:43.635Z] 填写 Buffer time = 0
[2026-06-27T05:50:43.719Z] 填写价格
[2026-06-27T05:50:43.803Z] 选择分类
[2026-06-27T05:50:43.912Z] 选择 Team：I Foot Spa
[2026-06-27T05:50:44.456Z] 点击 Create 提交服务
[2026-06-27T05:51:04.523Z] 创建/选择分类：WAXING
[2026-06-27T05:51:04.524Z] 等待 分类 WAXING 前 加载完成
[2026-06-27T05:51:05.329Z] 检查分类是否存在：WAXING
[2026-06-27T05:51:05.331Z] 创建分类：WAXING
[2026-06-27T05:51:06.461Z] 等待 创建并进入分类 WAXING 加载完成
[2026-06-27T05:51:07.266Z] 切换服务列表筛选为 Team
[2026-06-27T05:51:08.278Z] 目标服务缺失，准备新增：WAXING / 15 Mins Eyebrow Waxing
[2026-06-27T05:51:08.279Z] 打开 New service 表单
[2026-06-27T05:51:08.280Z] 等待 打开服务表单前 加载完成
[2026-06-27T05:51:09.099Z] 打开右上角新增菜单
[2026-06-27T05:51:09.101Z] 未识别新增菜单按钮，坐标兜底点击：1838,72
[2026-06-27T05:51:10.213Z] 等待 New service 表单 加载完成
[2026-06-27T05:51:11.076Z] 填写服务标题
[2026-06-27T05:51:11.128Z] 填写时长
[2026-06-27T05:51:11.184Z] 填写 Buffer time = 0
[2026-06-27T05:51:11.269Z] 填写价格
[2026-06-27T05:51:11.379Z] 选择分类
[2026-06-27T05:51:11.492Z] 选择 Team：I Foot Spa
[2026-06-27T05:51:12.037Z] 点击 Create 提交服务
[2026-06-27T05:51:32.107Z] 目标服务缺失，准备新增：WAXING / 10 Mins Lip Waxing
[2026-06-27T05:51:32.108Z] 打开 New service 表单
[2026-06-27T05:51:32.109Z] 等待 打开服务表单前 加载完成
[2026-06-27T05:51:32.922Z] 打开右上角新增菜单
[2026-06-27T05:51:32.924Z] 未识别新增菜单按钮，坐标兜底点击：1838,72
[2026-06-27T05:51:34.024Z] 等待 New service 表单 加载完成
[2026-06-27T05:51:34.909Z] 填写服务标题
[2026-06-27T05:51:34.961Z] 填写时长
[2026-06-27T05:51:35.017Z] 填写 Buffer time = 0
[2026-06-27T05:51:35.102Z] 填写价格
[2026-06-27T05:51:35.188Z] 选择分类
[2026-06-27T05:51:35.300Z] 选择 Team：I Foot Spa
[2026-06-27T05:51:35.846Z] 点击 Create 提交服务
[2026-06-27T05:51:55.904Z] 目标服务缺失，准备新增：WAXING / 10 Mins Chin Waxing
[2026-06-27T05:51:55.905Z] 打开 New service 表单
[2026-06-27T05:51:55.906Z] 等待 打开服务表单前 加载完成
[2026-06-27T05:51:56.729Z] 打开右上角新增菜单
[2026-06-27T05:51:56.730Z] 未识别新增菜单按钮，坐标兜底点击：1838,72
[2026-06-27T05:51:57.832Z] 等待 New service 表单 加载完成
[2026-06-27T05:51:58.717Z] 填写服务标题
[2026-06-27T05:51:58.769Z] 填写时长
[2026-06-27T05:51:58.824Z] 填写 Buffer time = 0
[2026-06-27T05:51:58.907Z] 填写价格
[2026-06-27T05:51:58.990Z] 选择分类
[2026-06-27T05:51:59.109Z] 选择 Team：I Foot Spa
[2026-06-27T05:51:59.650Z] 点击 Create 提交服务
[2026-06-27T05:52:19.711Z] 目标服务缺失，准备新增：WAXING / 30 Mins Face Waxing
[2026-06-27T05:52:19.712Z] 打开 New service 表单
[2026-06-27T05:52:19.713Z] 等待 打开服务表单前 加载完成
[2026-06-27T05:52:20.538Z] 打开右上角新增菜单
[2026-06-27T05:52:20.540Z] 未识别新增菜单按钮，坐标兜底点击：1838,72
[2026-06-27T05:52:21.641Z] 等待 New service 表单 加载完成
[2026-06-27T05:52:22.525Z] 填写服务标题
[2026-06-27T05:52:22.578Z] 填写时长
[2026-06-27T05:52:22.633Z] 填写 Buffer time = 0
[2026-06-27T05:52:22.718Z] 填写价格
[2026-06-27T05:52:22.801Z] 选择分类
[2026-06-27T05:52:22.928Z] 选择 Team：I Foot Spa
[2026-06-27T05:52:23.474Z] 点击 Create 提交服务
[2026-06-27T05:52:43.537Z] 目标服务缺失，准备新增：WAXING / 30 Mins Half Arm Waxing
[2026-06-27T05:52:43.538Z] 打开 New service 表单
[2026-06-27T05:52:43.539Z] 等待 打开服务表单前 加载完成
[2026-06-27T05:52:44.363Z] 打开右上角新增菜单
[2026-06-27T05:52:44.364Z] 未识别新增菜单按钮，坐标兜底点击：1838,72
[2026-06-27T05:52:45.461Z] 等待 New service 表单 加载完成
[2026-06-27T05:52:46.342Z] 填写服务标题
[2026-06-27T05:52:46.395Z] 填写时长
[2026-06-27T05:52:46.450Z] 填写 Buffer time = 0
[2026-06-27T05:52:46.534Z] 填写价格
[2026-06-27T05:52:46.617Z] 选择分类
[2026-06-27T05:52:46.738Z] 选择 Team：I Foot Spa
[2026-06-27T05:52:47.275Z] 点击 Create 提交服务
[2026-06-27T05:53:07.349Z] 目标服务缺失，准备新增：WAXING / 45 Mins Full Arm Waxing
[2026-06-27T05:53:07.350Z] 打开 New service 表单
[2026-06-27T05:53:07.351Z] 等待 打开服务表单前 加载完成
[2026-06-27T05:53:08.176Z] 打开右上角新增菜单
[2026-06-27T05:53:08.178Z] 未识别新增菜单按钮，坐标兜底点击：1838,72
[2026-06-27T05:53:09.285Z] 等待 New service 表单 加载完成
[2026-06-27T05:53:10.166Z] 填写服务标题
[2026-06-27T05:53:10.218Z] 填写时长
[2026-06-27T05:53:10.273Z] 填写 Buffer time = 0
[2026-06-27T05:53:10.357Z] 填写价格
[2026-06-27T05:53:10.443Z] 选择分类
[2026-06-27T05:53:10.557Z] 选择 Team：I Foot Spa
[2026-06-27T05:53:11.104Z] 点击 Create 提交服务
[2026-06-27T05:53:31.166Z] 目标服务缺失，准备新增：WAXING / 30 Mins Half Leg Waxing
[2026-06-27T05:53:31.167Z] 打开 New service 表单
[2026-06-27T05:53:31.168Z] 等待 打开服务表单前 加载完成
[2026-06-27T05:53:31.993Z] 打开右上角新增菜单
[2026-06-27T05:53:31.995Z] 未识别新增菜单按钮，坐标兜底点击：1838,72
[2026-06-27T05:53:33.090Z] 等待 New service 表单 加载完成
[2026-06-27T05:53:33.963Z] 填写服务标题
[2026-06-27T05:53:34.016Z] 填写时长
[2026-06-27T05:53:34.073Z] 填写 Buffer time = 0
[2026-06-27T05:53:34.156Z] 填写价格
[2026-06-27T05:53:34.242Z] 选择分类
[2026-06-27T05:53:34.374Z] 选择 Team：I Foot Spa
[2026-06-27T05:53:34.923Z] 点击 Create 提交服务
[2026-06-27T05:53:55.003Z] 目标服务缺失，准备新增：WAXING / 60 Mins Full Leg Waxing
[2026-06-27T05:53:55.005Z] 打开 New service 表单
[2026-06-27T05:53:55.006Z] 等待 打开服务表单前 加载完成
[2026-06-27T05:53:55.829Z] 打开右上角新增菜单
[2026-06-27T05:53:55.831Z] 未识别新增菜单按钮，坐标兜底点击：1838,72
[2026-06-27T05:53:56.944Z] 等待 New service 表单 加载完成
[2026-06-27T05:53:57.814Z] 填写服务标题
[2026-06-27T05:53:57.868Z] 填写时长
[2026-06-27T05:53:57.941Z] 填写 Buffer time = 0
[2026-06-27T05:53:58.053Z] 填写价格
[2026-06-27T05:53:58.151Z] 选择分类
[2026-06-27T05:53:58.275Z] 选择 Team：I Foot Spa
[2026-06-27T05:53:58.835Z] 点击 Create 提交服务
[2026-06-27T05:54:18.908Z] 目标服务缺失，准备新增：WAXING / 30 Mins Bikini Waxing
[2026-06-27T05:54:18.909Z] 打开 New service 表单
[2026-06-27T05:54:18.910Z] 等待 打开服务表单前 加载完成
[2026-06-27T05:54:19.735Z] 打开右上角新增菜单
[2026-06-27T05:54:19.737Z] 未识别新增菜单按钮，坐标兜底点击：1838,72
[2026-06-27T05:54:20.855Z] 等待 New service 表单 加载完成
[2026-06-27T05:54:21.737Z] 填写服务标题
[2026-06-27T05:54:21.801Z] 填写时长
[2026-06-27T05:54:21.888Z] 填写 Buffer time = 0
[2026-06-27T05:54:21.975Z] 填写价格
[2026-06-27T05:54:22.061Z] 选择分类
[2026-06-27T05:54:22.185Z] 选择 Team：I Foot Spa
[2026-06-27T05:54:22.739Z] 点击 Create 提交服务
[2026-06-27T05:54:42.807Z] 目标服务缺失，准备新增：WAXING / 45 Mins Brazilian Waxing
[2026-06-27T05:54:42.808Z] 打开 New service 表单
[2026-06-27T05:54:42.809Z] 等待 打开服务表单前 加载完成
[2026-06-27T05:54:43.633Z] 打开右上角新增菜单
[2026-06-27T05:54:43.634Z] 未识别新增菜单按钮，坐标兜底点击：1838,72
[2026-06-27T05:54:44.771Z] 等待 New service 表单 加载完成
[2026-06-27T05:54:45.653Z] 填写服务标题
[2026-06-27T05:54:45.722Z] 填写时长
[2026-06-27T05:54:45.810Z] 填写 Buffer time = 0
[2026-06-27T05:54:45.903Z] 填写价格
[2026-06-27T05:54:45.993Z] 选择分类
[2026-06-27T05:54:46.123Z] 选择 Team：I Foot Spa
[2026-06-27T05:54:46.680Z] 点击 Create 提交服务
[2026-06-27T05:55:06.747Z] 全部服务录入流程已执行完成。
